01:0004│-094 0xffffd404 ◂— 0x1
02:0008│-090 0xffffd408 —▸ 0xf7fbe7b0 —▸ 0x8048386 ◂— inc edi /* 'GLIBC_2.0' */
03:000c│-08c 0xffffd40c ◂— 0x1
04:0010│-088 0xffffd410 ◂— 0x0
... ↓        3 skipped
──────────────────────────────[ BACKTRACE ]───────────────────────────────
 ► 0 0x804876c main+65
   1 0xf7da1519 __libc_start_call_main+121
   2 0xf7da15f3 __libc_start_main+147
   3 0x8048581 _start+33
──────────────────────────────────────────────────────────────────────────
pwndbg>
0x0804876e in main ()
LEGEND: STACK | HEAP | CODE | DATA | RWX | RODATA
──────────[ REGISTERS / show-flags off / show-compact-regs off ]──────────
 EAX  0x0
 EBX  0xf7faa000 (_GLOBAL_OFFSET_TABLE_) ◂— 0x229dac
*ECX  0x0
 EDX  0xffffd450 ◂— 0x0
*EDI  0xffffd490 ◂— 0xe5f52000
 ESI  0xffffd554 —▸ 0xffffd6ab ◂— '/home/juhyeongkim/shared/ssp_001/ssp_001'
 EBP  0xffffd498 —▸ 0xf7ffd020 (_rtld_global) —▸ 0xf7ffda40 ◂— 0x0
 ESP  0xffffd400 —▸ 0xffffd554 —▸ 0xffffd6ab ◂— '/home/juhyeongkim/shared/ssp_001/ssp_001'
*EIP  0x804876e (main+67) ◂— mov word ptr [ebp - 0x8a], 0
────────────────────[ DISASM / i386 / set emulate on ]────────────────────
   0x804875d <main+50>     lea    edx, [ebp - 0x48]
   0x8048760 <main+53>     mov    eax, 0
   0x8048765 <main+58>     mov    ecx, 0x10
   0x804876a <main+63>     mov    edi, edx
   0x804876c <main+65>     rep stosd dword ptr es:[edi], eax
 ► 0x804876e <main+67>     mov    word ptr [ebp - 0x8a], 0
   0x8048777 <main+76>     mov    dword ptr [ebp - 0x94], 0
   0x8048781 <main+86>     mov    dword ptr [ebp - 0x90], 0
   0x804878b <main+96>     call   initialize                     <initialize>

   0x8048790 <main+101>    call   menu                     <menu>

   0x8048795 <main+106>    push   2
────────────────────────────────[ STACK ]─────────────────────────────────
00:0000│ esp 0xffffd400 —▸ 0xffffd554 —▸ 0xffffd6ab ◂— '/home/juhyeongkim/shared/ssp_001/ssp_001'
01:0004│-094 0xffffd404 ◂— 0x1
02:0008│-090 0xffffd408 —▸ 0xf7fbe7b0 —▸ 0x8048386 ◂— inc edi /* 'GLIBC_2.0' */
03:000c│-08c 0xffffd40c ◂— 0x1
04:0010│-088 0xffffd410 ◂— 0x0
... ↓        3 skipped
──────────────────────────────[ BACKTRACE ]───────────────────────────────
 ► 0 0x804876e main+67
   1 0xf7da1519 __libc_start_call_main+121
   2 0xf7da15f3 __libc_start_main+147
   3 0x8048581 _start+33
──────────────────────────────────────────────────────────────────────────
pwndbg>
0x08048777 in main ()
LEGEND: STACK | HEAP | CODE | DATA | RWX | RODATA
──────────[ REGISTERS / show-flags off / show-compact-regs off ]──────────
 EAX  0x0
 EBX  0xf7faa000 (_GLOBAL_OFFSET_TABLE_) ◂— 0x229dac
 ECX  0x0
 EDX  0xffffd450 ◂— 0x0
 EDI  0xffffd490 ◂— 0xe5f52000
 ESI  0xffffd554 —▸ 0xffffd6ab ◂— '/home/juhyeongkim/shared/ssp_001/ssp_001'
 EBP  0xffffd498 —▸ 0xf7ffd020 (_rtld_global) —▸ 0xf7ffda40 ◂— 0x0
 ESP  0xffffd400 —▸ 0xffffd554 —▸ 0xffffd6ab ◂— '/home/juhyeongkim/shared/ssp_001/ssp_001'
*EIP  0x8048777 (main+76) ◂— mov dword ptr [ebp - 0x94], 0
────────────────────[ DISASM / i386 / set emulate on ]────────────────────
   0x8048760 <main+53>     mov    eax, 0
   0x8048765 <main+58>     mov    ecx, 0x10
   0x804876a <main+63>     mov    edi, edx
   0x804876c <main+65>     rep stosd dword ptr es:[edi], eax
   0x804876e <main+67>     mov    word ptr [ebp - 0x8a], 0
 ► 0x8048777 <main+76>     mov    dword ptr [ebp - 0x94], 0
   0x8048781 <main+86>     mov    dword ptr [ebp - 0x90], 0
   0x804878b <main+96>     call   initialize                     <initialize>

   0x8048790 <main+101>    call   menu                     <menu>

   0x8048795 <main+106>    push   2
   0x8048797 <main+108>    lea    eax, [ebp - 0x8a]
────────────────────────────────[ STACK ]─────────────────────────────────
00:0000│ esp 0xffffd400 —▸ 0xffffd554 —▸ 0xffffd6ab ◂— '/home/juhyeongkim/shared/ssp_001/ssp_001'
01:0004│-094 0xffffd404 ◂— 0x1
02:0008│-090 0xffffd408 —▸ 0xf7fbe7b0 —▸ 0x8048386 ◂— inc edi /* 'GLIBC_2.0' */
03:000c│-08c 0xffffd40c ◂— 0x1
04:0010│-088 0xffffd410 ◂— 0x0
... ↓        3 skipped
──────────────────────────────[ BACKTRACE ]───────────────────────────────
 ► 0 0x8048777 main+76
   1 0xf7da1519 __libc_start_call_main+121
   2 0xf7da15f3 __libc_start_main+147
   3 0x8048581 _start+33
──────────────────────────────────────────────────────────────────────────
pwndb
x/6gx ─
x/6gx 0xffffd498
x/6gx 0xffffd490
x/6gx 0xffffd488
ni
1
ni
q
b main
r
ni
ni
f
r
ni
ni
f
r
ni
ni
p/x $rbp + 0xffffd40e
p $rbp + 0xffffd40e
p/x $rbp -  0xffffd40e
x/x $rbp - 0xffffd40e
p/x $rbp-0xffffd40e
ni
p/x $rbp + 0xffffd40e
p/x rbp -  0xffffd40e
p/x $ebp -  0xffffd40e
p/s $ebp + 0xffffd40e
p/s $ebp -  0xffffd40e
p/d $ebp -  0xffffd40e
ni
F
nio
ni
p/d $ebp - i
p/d $ebp - 0xffffd410
ni
P
ni
p/d $ebp - 0xffffd404
ni
ni
AD
ni
r
ni
E
E
ni
2
ni
AB
ni
r
ni
ni
E
ni
130
ni
aaaaaaaaaaaaaaaaaaaaaaaaaaaaaaaaaaaaaaaaaaaaaaaaaaaaaaaaaaaaaaaaaaaaaaaaaaaaaaaaaaaaaaaaaaaaaaaaaaaaaaaaa
ni
ni
ni
ni
p/x rbp
p/x register rbp
info  rbp
info $rbp
p/x $ebp
p/x $ebp-8
x/x $ebp-8
x/x $ebp-8
exit
start
ni
si
ni
c
r
b main
r
ni
p/d 0xffffd498-0xffffd40e
ni
ni
p/d 0xffffd498-0xffffd410
ni
p/d 0xffffd498-0xffffd408
ni
asd
ni
d
ni
x/s $rdi
x/x $rdi

ni
r
b main
r
k
start
ni
q
q
b main
r
ni
q
b main
r
x/s $ebp + 0xc
x/x $ebp + 0xc
x/6gx $ebp + 0xc
x/gx $ebp + 0xc
x/1x
ni
P
ni
ni
x/s $gs:[0x14]
x/s $gs+0x14
x/x $gs+0x14
p/x $gs+0x14
p/x $gs:[0x14]
x/gx $gs+0x14 
x/gx $gs+0x14
ni
ni
x/s $edx
p/s $edx
p/x $edx
x/s gs:[0x14]
x/s $gs+0x14
p/s $gs+0x14
p/x $gs+0x14
p/x $gx
x/x $gx
x/d $gx
x/gs:0x14
i r gs
i r gs+0x14
i r gs
ni
r
ni
x/gx ebp - 8
x/gx $ebp - 8
x/gx
x/gx $ebp - 8
ni
q
f get_shell
find get_shell
find get_shell()
b main
r
find get_shell
find get_shell()
p get_shell
q
